<?xml version="1.0" encoding="UTF-8"?>
<!-- Generated by org.testng.reporters.JUnitReportReporter -->
<testsuite hostname="MSI" failures="0" tests="1" name="com.bookmyshow.testcases.SignInTest" time="9.102" errors="0" timestamp="22 Jul 2021 13:16:10 GMT" skipped="0">
  <testcase classname="com.bookmyshow.testcases.SignInTest" name="singinPageTest" time="9.102"/>
</testsuite> <!-- com.bookmyshow.testcases.SignInTest -->
