<?xml version="1.0" encoding="UTF-8"?>
<!-- Generated by org.testng.reporters.JUnitReportReporter -->
<testsuite hostname="MSI" failures="0" tests="1" name="com.bookmyshow.testcases.SportsPageTest" time="251.684" errors="0" timestamp="22 Jul 2021 13:16:10 GMT" skipped="0">
  <testcase classname="com.bookmyshow.testcases.SportsPageTest" name="sportsPageTest" time="251.684"/>
</testsuite> <!-- com.bookmyshow.testcases.SportsPageTest -->
